2023-12-01T19:38:40.413-05:00  INFO 15900 --- [main] ying.andrews.fake.FakeApplicationTests   : Starting FakeApplicationTests using Java 21.0.1 with PID 15900 (started by gxp in C:\Dev\repos\fake)
2023-12-01T19:38:40.413-05:00 DEBUG 15900 --- [main] ying.andrews.fake.FakeApplicationTests   : Running with Spring Boot v3.2.0, Spring v6.1.1
2023-12-01T19:38:40.414-05:00  INFO 15900 --- [main] ying.andrews.fake.FakeApplicationTests   : No active profile set, falling back to 1 default profile: "default"
2023-12-01T19:38:41.267-05:00  INFO 15900 --- [main] ying.andrews.fake.FakeApplicationTests   : Started FakeApplicationTests in 1.241 seconds (process running for 2.537)
2023-12-01T19:46:23.805-05:00  INFO 2648 --- [main] ying.andrews.fake.FakeApplication        : Starting FakeApplication v0.0.1-SNAPSHOT using Java 21.0.1 with PID 2648 (C:\Dev\repos\fake\target\fake-0.0.1-SNAPSHOT.jar started by gxp in C:\Dev\repos\fake)
2023-12-01T19:46:23.808-05:00 DEBUG 2648 --- [main] ying.andrews.fake.FakeApplication        : Running with Spring Boot v3.2.0, Spring v6.1.1
2023-12-01T19:46:23.810-05:00  INFO 2648 --- [main] ying.andrews.fake.FakeApplication        : No active profile set, falling back to 1 default profile: "default"
2023-12-01T19:46:24.617-05:00  INFO 2648 --- [main] ying.andrews.fake.FakeApplication        : Started FakeApplication in 1.71 seconds (process running for 3.164)
2023-12-01T19:53:44.491-05:00  INFO 15928 --- [main] ying.andrews.fake.FakeApplicationTests   : Starting FakeApplicationTests using Java 21.0.1 with PID 15928 (started by gxp in C:\Dev\repos\fake)
2023-12-01T19:53:44.492-05:00 DEBUG 15928 --- [main] ying.andrews.fake.FakeApplicationTests   : Running with Spring Boot v3.2.0, Spring v6.1.1
2023-12-01T19:53:44.494-05:00  INFO 15928 --- [main] ying.andrews.fake.FakeApplicationTests   : No active profile set, falling back to 1 default profile: "default"
2023-12-01T19:53:48.295-05:00  INFO 15928 --- [main] ying.andrews.fake.FakeApplicationTests   : Started FakeApplicationTests in 4.243 seconds (process running for 5.51)
2023-12-01T19:53:56.648-05:00  INFO 5848 --- [main] ying.andrews.fake.FakeApplication        : Starting FakeApplication v0.0.1-SNAPSHOT using Java 21.0.1 with PID 5848 (C:\Dev\repos\fake\target\fake-0.0.1-SNAPSHOT.jar started by gxp in C:\Dev\repos\fake)
2023-12-01T19:53:56.651-05:00 DEBUG 5848 --- [main] ying.andrews.fake.FakeApplication        : Running with Spring Boot v3.2.0, Spring v6.1.1
2023-12-01T19:53:56.653-05:00  INFO 5848 --- [main] ying.andrews.fake.FakeApplication        : No active profile set, falling back to 1 default profile: "default"
2023-12-01T19:53:58.843-05:00  INFO 5848 --- [main] o.s.b.w.embedded.tomcat.TomcatWebServer  : Tomcat initialized with port 8080 (http)
2023-12-01T19:53:58.879-05:00  INFO 5848 --- [main] o.apache.catalina.core.StandardService   : Starting service [Tomcat]
2023-12-01T19:53:58.880-05:00  INFO 5848 --- [main] o.apache.catalina.core.StandardEngine    : Starting Servlet engine: [Apache Tomcat/10.1.16]
2023-12-01T19:53:58.929-05:00  INFO 5848 --- [main] o.a.c.c.C.[Tomcat].[localhost].[/]       : Initializing Spring embedded WebApplicationContext
2023-12-01T19:53:58.930-05:00  INFO 5848 --- [main] w.s.c.ServletWebServerApplicationContext : Root WebApplicationContext: initialization completed in 2101 ms
2023-12-01T19:54:00.404-05:00  INFO 5848 --- [main] o.s.b.w.embedded.tomcat.TomcatWebServer  : Tomcat started on port 8080 (http) with context path ''
2023-12-01T19:54:00.433-05:00  INFO 5848 --- [main] ying.andrews.fake.FakeApplication        : Started FakeApplication in 4.586 seconds (process running for 6.028)
2023-12-01T19:54:22.932-05:00  INFO 5848 --- [http-nio-8080-exec-1] o.a.c.c.C.[Tomcat].[localhost].[/]       : Initializing Spring DispatcherServlet 'dispatcherServlet'
2023-12-01T19:54:22.934-05:00  INFO 5848 --- [http-nio-8080-exec-1] o.s.web.servlet.DispatcherServlet        : Initializing Servlet 'dispatcherServlet'
2023-12-01T19:54:22.936-05:00  INFO 5848 --- [http-nio-8080-exec-1] o.s.web.servlet.DispatcherServlet        : Completed initialization in 1 ms
2023-12-01T19:56:29.879-05:00  INFO 1564 --- [main] ying.andrews.fake.FakeApplicationTests   : Starting FakeApplicationTests using Java 21.0.1 with PID 1564 (started by gxp in C:\Dev\repos\fake)
2023-12-01T19:56:29.880-05:00 DEBUG 1564 --- [main] ying.andrews.fake.FakeApplicationTests   : Running with Spring Boot v3.2.0, Spring v6.1.1
2023-12-01T19:56:29.881-05:00  INFO 1564 --- [main] ying.andrews.fake.FakeApplicationTests   : No active profile set, falling back to 1 default profile: "default"
2023-12-01T19:56:34.339-05:00  INFO 1564 --- [main] ying.andrews.fake.FakeApplicationTests   : Started FakeApplicationTests in 4.97 seconds (process running for 6.264)
2023-12-01T20:06:52.432-05:00  INFO 16556 --- [main] ying.andrews.fake.FakeApplication        : Starting FakeApplication using Java 21.0.1 with PID 16556 (C:\Dev\repos\fake\target\classes started by gxp in C:\Dev\repos\fake)
2023-12-01T20:06:52.434-05:00 DEBUG 16556 --- [main] ying.andrews.fake.FakeApplication        : Running with Spring Boot v3.2.0, Spring v6.1.1
2023-12-01T20:06:52.436-05:00  INFO 16556 --- [main] ying.andrews.fake.FakeApplication        : No active profile set, falling back to 1 default profile: "default"
2023-12-01T20:06:54.648-05:00  INFO 16556 --- [main] .s.d.r.c.RepositoryConfigurationDelegate : Bootstrapping Spring Data JPA repositories in DEFAULT mode.
2023-12-01T20:06:54.678-05:00  INFO 16556 --- [main] .s.d.r.c.RepositoryConfigurationDelegate : Finished Spring Data repository scanning in 18 ms. Found 0 JPA repository interfaces.
2023-12-01T20:06:56.004-05:00  INFO 16556 --- [main] o.s.b.w.embedded.tomcat.TomcatWebServer  : Tomcat initialized with port 8080 (http)
2023-12-01T20:06:56.061-05:00  INFO 16556 --- [main] o.apache.catalina.core.StandardService   : Starting service [Tomcat]
2023-12-01T20:06:56.062-05:00  INFO 16556 --- [main] o.apache.catalina.core.StandardEngine    : Starting Servlet engine: [Apache Tomcat/10.1.16]
2023-12-01T20:06:56.187-05:00  INFO 16556 --- [main] o.a.c.c.C.[Tomcat].[localhost].[/]       : Initializing Spring embedded WebApplicationContext
2023-12-01T20:06:56.187-05:00  INFO 16556 --- [main] w.s.c.ServletWebServerApplicationContext : Root WebApplicationContext: initialization completed in 3642 ms
2023-12-01T20:06:56.292-05:00  WARN 16556 --- [main] ConfigServletWebServerApplicationContext : Exception encountered during context initialization - cancelling refresh attempt: org.springframework.beans.factory.UnsatisfiedDependencyException: Error creating bean with name 'dataSourceScriptDatabaseInitializer' defined in class path resource [org/springframework/boot/autoconfigure/sql/init/DataSourceInitializationConfiguration.class]: Unsatisfied dependency expressed through method 'dataSourceScriptDatabaseInitializer' parameter 0: Error creating bean with name 'dataSource' defined in class path resource [org/springframework/boot/autoconfigure/jdbc/DataSourceConfiguration$Hikari.class]: Failed to instantiate [com.zaxxer.hikari.HikariDataSource]: Factory method 'dataSource' threw exception with message: Failed to determine a suitable driver class
2023-12-01T20:06:56.302-05:00  INFO 16556 --- [main] o.apache.catalina.core.StandardService   : Stopping service [Tomcat]
2023-12-01T20:06:56.364-05:00  INFO 16556 --- [main] .s.b.a.l.ConditionEvaluationReportLogger : 

Error starting ApplicationContext. To display the condition evaluation report re-run your application with 'debug' enabled.
2023-12-01T20:06:56.448-05:00 ERROR 16556 --- [main] o.s.b.d.LoggingFailureAnalysisReporter   : 

***************************
APPLICATION FAILED TO START
***************************

Description:

Failed to configure a DataSource: 'url' attribute is not specified and no embedded datasource could be configured.

Reason: Failed to determine a suitable driver class


Action:

Consider the following:
	If you want an embedded database (H2, HSQL or Derby), please put it on the classpath.
	If you have database settings to be loaded from a particular profile you may need to activate it (no profiles are currently active).

2023-12-01T20:08:28.622-05:00  INFO 8372 --- [main] ying.andrews.fake.FakeApplication        : Starting FakeApplication using Java 21.0.1 with PID 8372 (C:\Dev\repos\fake\target\classes started by gxp in C:\Dev\repos\fake)
2023-12-01T20:08:28.624-05:00 DEBUG 8372 --- [main] ying.andrews.fake.FakeApplication        : Running with Spring Boot v3.2.0, Spring v6.1.1
2023-12-01T20:08:28.626-05:00  INFO 8372 --- [main] ying.andrews.fake.FakeApplication        : No active profile set, falling back to 1 default profile: "default"
2023-12-01T20:08:31.806-05:00  INFO 8372 --- [main] o.s.b.w.embedded.tomcat.TomcatWebServer  : Tomcat initialized with port 8080 (http)
2023-12-01T20:08:31.818-05:00  INFO 8372 --- [main] o.apache.catalina.core.StandardService   : Starting service [Tomcat]
2023-12-01T20:08:31.818-05:00  INFO 8372 --- [main] o.apache.catalina.core.StandardEngine    : Starting Servlet engine: [Apache Tomcat/10.1.16]
2023-12-01T20:08:31.911-05:00  INFO 8372 --- [main] o.a.c.c.C.[Tomcat].[localhost].[/]       : Initializing Spring embedded WebApplicationContext
2023-12-01T20:08:31.912-05:00  INFO 8372 --- [main] w.s.c.ServletWebServerApplicationContext : Root WebApplicationContext: initialization completed in 3168 ms
2023-12-01T20:08:33.423-05:00  INFO 8372 --- [main] o.s.b.w.embedded.tomcat.TomcatWebServer  : Tomcat started on port 8080 (http) with context path ''
2023-12-01T20:08:33.437-05:00  INFO 8372 --- [main] ying.andrews.fake.FakeApplication        : Started FakeApplication in 5.458 seconds (process running for 6.21)
2023-12-01T20:08:44.310-05:00  INFO 8372 --- [http-nio-8080-exec-1] o.a.c.c.C.[Tomcat].[localhost].[/]       : Initializing Spring DispatcherServlet 'dispatcherServlet'
2023-12-01T20:08:44.311-05:00  INFO 8372 --- [http-nio-8080-exec-1] o.s.web.servlet.DispatcherServlet        : Initializing Servlet 'dispatcherServlet'
2023-12-01T20:08:44.313-05:00  INFO 8372 --- [http-nio-8080-exec-1] o.s.web.servlet.DispatcherServlet        : Completed initialization in 1 ms
2023-12-01T20:09:17.890-05:00  INFO 8372 --- [http-nio-8080-exec-2] o.springdoc.api.AbstractOpenApiResource  : Init duration for springdoc-openapi is: 399 ms
2023-12-01T20:10:17.003-05:00  INFO 1532 --- [main] ying.andrews.fake.FakeApplication        : Starting FakeApplication using Java 21.0.1 with PID 1532 (C:\Dev\repos\fake\target\classes started by gxp in C:\Dev\repos\fake)
2023-12-01T20:10:17.004-05:00 DEBUG 1532 --- [main] ying.andrews.fake.FakeApplication        : Running with Spring Boot v3.2.0, Spring v6.1.1
2023-12-01T20:10:17.005-05:00  INFO 1532 --- [main] ying.andrews.fake.FakeApplication        : No active profile set, falling back to 1 default profile: "default"
2023-12-01T20:10:19.480-05:00  INFO 1532 --- [main] o.s.b.w.embedded.tomcat.TomcatWebServer  : Tomcat initialized with port 8080 (http)
2023-12-01T20:10:19.493-05:00  INFO 1532 --- [main] o.apache.catalina.core.StandardService   : Starting service [Tomcat]
2023-12-01T20:10:19.494-05:00  INFO 1532 --- [main] o.apache.catalina.core.StandardEngine    : Starting Servlet engine: [Apache Tomcat/10.1.16]
2023-12-01T20:10:19.567-05:00  INFO 1532 --- [main] o.a.c.c.C.[Tomcat].[localhost].[/]       : Initializing Spring embedded WebApplicationContext
2023-12-01T20:10:19.567-05:00  INFO 1532 --- [main] w.s.c.ServletWebServerApplicationContext : Root WebApplicationContext: initialization completed in 2456 ms
2023-12-01T20:10:21.050-05:00  INFO 1532 --- [main] o.s.b.w.embedded.tomcat.TomcatWebServer  : Tomcat started on port 8080 (http) with context path ''
2023-12-01T20:10:21.061-05:00  INFO 1532 --- [main] ying.andrews.fake.FakeApplication        : Started FakeApplication in 4.653 seconds (process running for 5.438)
2023-12-01T20:10:26.947-05:00  INFO 1532 --- [http-nio-8080-exec-1] o.a.c.c.C.[Tomcat].[localhost].[/]       : Initializing Spring DispatcherServlet 'dispatcherServlet'
2023-12-01T20:10:26.948-05:00  INFO 1532 --- [http-nio-8080-exec-1] o.s.web.servlet.DispatcherServlet        : Initializing Servlet 'dispatcherServlet'
2023-12-01T20:10:26.953-05:00  INFO 1532 --- [http-nio-8080-exec-1] o.s.web.servlet.DispatcherServlet        : Completed initialization in 1 ms
2023-12-01T20:10:27.786-05:00  INFO 1532 --- [http-nio-8080-exec-4] o.springdoc.api.AbstractOpenApiResource  : Init duration for springdoc-openapi is: 536 ms
2023-12-01T20:15:51.659-05:00  INFO 2976 --- [main] ying.andrews.fake.FakeApplication        : Starting FakeApplication using Java 21.0.1 with PID 2976 (C:\Dev\repos\fake\target\classes started by gxp in C:\Dev\repos\fake)
2023-12-01T20:15:51.661-05:00 DEBUG 2976 --- [main] ying.andrews.fake.FakeApplication        : Running with Spring Boot v3.2.0, Spring v6.1.1
2023-12-01T20:15:51.663-05:00  INFO 2976 --- [main] ying.andrews.fake.FakeApplication        : No active profile set, falling back to 1 default profile: "default"
2023-12-01T20:15:53.986-05:00  INFO 2976 --- [main] o.s.b.w.embedded.tomcat.TomcatWebServer  : Tomcat initialized with port 8080 (http)
2023-12-01T20:15:54.002-05:00  INFO 2976 --- [main] o.apache.catalina.core.StandardService   : Starting service [Tomcat]
2023-12-01T20:15:54.002-05:00  INFO 2976 --- [main] o.apache.catalina.core.StandardEngine    : Starting Servlet engine: [Apache Tomcat/10.1.16]
2023-12-01T20:15:54.097-05:00  INFO 2976 --- [main] o.a.c.c.C.[Tomcat].[localhost].[/]       : Initializing Spring embedded WebApplicationContext
2023-12-01T20:15:54.098-05:00  INFO 2976 --- [main] w.s.c.ServletWebServerApplicationContext : Root WebApplicationContext: initialization completed in 2324 ms
2023-12-01T20:15:55.618-05:00  INFO 2976 --- [main] o.s.b.w.embedded.tomcat.TomcatWebServer  : Tomcat started on port 8080 (http) with context path ''
2023-12-01T20:15:55.631-05:00  INFO 2976 --- [main] ying.andrews.fake.FakeApplication        : Started FakeApplication in 4.602 seconds (process running for 5.4)
2023-12-01T20:16:07.901-05:00  INFO 2976 --- [http-nio-8080-exec-1] o.a.c.c.C.[Tomcat].[localhost].[/]       : Initializing Spring DispatcherServlet 'dispatcherServlet'
2023-12-01T20:16:07.902-05:00  INFO 2976 --- [http-nio-8080-exec-1] o.s.web.servlet.DispatcherServlet        : Initializing Servlet 'dispatcherServlet'
2023-12-01T20:16:07.903-05:00  INFO 2976 --- [http-nio-8080-exec-1] o.s.web.servlet.DispatcherServlet        : Completed initialization in 1 ms
2023-12-01T20:16:08.977-05:00  INFO 2976 --- [http-nio-8080-exec-9] o.springdoc.api.AbstractOpenApiResource  : Init duration for springdoc-openapi is: 504 ms
2023-12-01T20:16:52.511-05:00  INFO 3624 --- [main] ying.andrews.fake.FakeApplication        : Starting FakeApplication using Java 21.0.1 with PID 3624 (C:\Dev\repos\fake\target\classes started by gxp in C:\Dev\repos\fake)
2023-12-01T20:16:52.512-05:00 DEBUG 3624 --- [main] ying.andrews.fake.FakeApplication        : Running with Spring Boot v3.2.0, Spring v6.1.1
2023-12-01T20:16:52.514-05:00  INFO 3624 --- [main] ying.andrews.fake.FakeApplication        : No active profile set, falling back to 1 default profile: "default"
2023-12-01T20:16:54.942-05:00  INFO 3624 --- [main] o.s.b.w.embedded.tomcat.TomcatWebServer  : Tomcat initialized with port 8080 (http)
2023-12-01T20:16:54.957-05:00  INFO 3624 --- [main] o.apache.catalina.core.StandardService   : Starting service [Tomcat]
2023-12-01T20:16:54.959-05:00  INFO 3624 --- [main] o.apache.catalina.core.StandardEngine    : Starting Servlet engine: [Apache Tomcat/10.1.16]
2023-12-01T20:16:55.038-05:00  INFO 3624 --- [main] o.a.c.c.C.[Tomcat].[localhost].[/]       : Initializing Spring embedded WebApplicationContext
2023-12-01T20:16:55.038-05:00  INFO 3624 --- [main] w.s.c.ServletWebServerApplicationContext : Root WebApplicationContext: initialization completed in 2417 ms
2023-12-01T20:16:56.576-05:00  INFO 3624 --- [main] o.s.b.w.embedded.tomcat.TomcatWebServer  : Tomcat started on port 8080 (http) with context path ''
2023-12-01T20:16:56.589-05:00  INFO 3624 --- [main] ying.andrews.fake.FakeApplication        : Started FakeApplication in 4.68 seconds (process running for 5.547)
2023-12-01T20:16:56.792-05:00  INFO 3624 --- [http-nio-8080-exec-1] o.a.c.c.C.[Tomcat].[localhost].[/]       : Initializing Spring DispatcherServlet 'dispatcherServlet'
2023-12-01T20:16:56.793-05:00  INFO 3624 --- [http-nio-8080-exec-1] o.s.web.servlet.DispatcherServlet        : Initializing Servlet 'dispatcherServlet'
2023-12-01T20:16:56.794-05:00  INFO 3624 --- [http-nio-8080-exec-1] o.s.web.servlet.DispatcherServlet        : Completed initialization in 1 ms
2023-12-01T20:16:57.734-05:00  INFO 3624 --- [http-nio-8080-exec-4] o.springdoc.api.AbstractOpenApiResource  : Init duration for springdoc-openapi is: 509 ms
2023-12-01T20:17:41.699-05:00  INFO 17468 --- [main] ying.andrews.fake.FakeApplication        : Starting FakeApplication using Java 21.0.1 with PID 17468 (C:\Dev\repos\fake\target\classes started by gxp in C:\Dev\repos\fake)
2023-12-01T20:17:41.702-05:00 DEBUG 17468 --- [main] ying.andrews.fake.FakeApplication        : Running with Spring Boot v3.2.0, Spring v6.1.1
2023-12-01T20:17:41.703-05:00  INFO 17468 --- [main] ying.andrews.fake.FakeApplication        : No active profile set, falling back to 1 default profile: "default"
2023-12-01T20:17:43.969-05:00  INFO 17468 --- [main] o.s.b.w.embedded.tomcat.TomcatWebServer  : Tomcat initialized with port 8080 (http)
2023-12-01T20:17:43.981-05:00  INFO 17468 --- [main] o.apache.catalina.core.StandardService   : Starting service [Tomcat]
2023-12-01T20:17:43.981-05:00  INFO 17468 --- [main] o.apache.catalina.core.StandardEngine    : Starting Servlet engine: [Apache Tomcat/10.1.16]
2023-12-01T20:17:44.095-05:00  INFO 17468 --- [main] o.a.c.c.C.[Tomcat].[localhost].[/]       : Initializing Spring embedded WebApplicationContext
2023-12-01T20:17:44.096-05:00  INFO 17468 --- [main] w.s.c.ServletWebServerApplicationContext : Root WebApplicationContext: initialization completed in 2288 ms
2023-12-01T20:17:45.488-05:00  INFO 17468 --- [main] o.s.b.w.embedded.tomcat.TomcatWebServer  : Tomcat started on port 8080 (http) with context path ''
2023-12-01T20:17:45.498-05:00  INFO 17468 --- [main] ying.andrews.fake.FakeApplication        : Started FakeApplication in 4.421 seconds (process running for 5.252)
2023-12-01T20:17:51.672-05:00  INFO 17468 --- [http-nio-8080-exec-1] o.a.c.c.C.[Tomcat].[localhost].[/]       : Initializing Spring DispatcherServlet 'dispatcherServlet'
2023-12-01T20:17:51.673-05:00  INFO 17468 --- [http-nio-8080-exec-1] o.s.web.servlet.DispatcherServlet        : Initializing Servlet 'dispatcherServlet'
2023-12-01T20:17:51.679-05:00  INFO 17468 --- [http-nio-8080-exec-1] o.s.web.servlet.DispatcherServlet        : Completed initialization in 5 ms
2023-12-01T20:17:52.624-05:00  INFO 17468 --- [http-nio-8080-exec-4] o.springdoc.api.AbstractOpenApiResource  : Init duration for springdoc-openapi is: 643 ms
2023-12-01T20:19:07.627-05:00  INFO 16640 --- [main] ying.andrews.fake.FakeApplication        : Starting FakeApplication using Java 21.0.1 with PID 16640 (C:\Dev\repos\fake\target\classes started by gxp in C:\Dev\repos\fake)
2023-12-01T20:19:07.629-05:00 DEBUG 16640 --- [main] ying.andrews.fake.FakeApplication        : Running with Spring Boot v3.2.0, Spring v6.1.1
2023-12-01T20:19:07.629-05:00  INFO 16640 --- [main] ying.andrews.fake.FakeApplication        : No active profile set, falling back to 1 default profile: "default"
2023-12-01T20:19:10.271-05:00  INFO 16640 --- [main] o.s.b.w.embedded.tomcat.TomcatWebServer  : Tomcat initialized with port 8090 (http)
2023-12-01T20:19:10.280-05:00  INFO 16640 --- [main] o.apache.catalina.core.StandardService   : Starting service [Tomcat]
2023-12-01T20:19:10.280-05:00  INFO 16640 --- [main] o.apache.catalina.core.StandardEngine    : Starting Servlet engine: [Apache Tomcat/10.1.16]
2023-12-01T20:19:10.342-05:00  INFO 16640 --- [main] o.a.c.c.C.[Tomcat].[localhost].[/]       : Initializing Spring embedded WebApplicationContext
2023-12-01T20:19:10.342-05:00  INFO 16640 --- [main] w.s.c.ServletWebServerApplicationContext : Root WebApplicationContext: initialization completed in 2613 ms
2023-12-01T20:19:11.687-05:00  INFO 16640 --- [main] o.s.b.w.embedded.tomcat.TomcatWebServer  : Tomcat started on port 8090 (http) with context path ''
2023-12-01T20:19:11.716-05:00  INFO 16640 --- [main] ying.andrews.fake.FakeApplication        : Started FakeApplication in 4.681 seconds (process running for 5.516)
2023-12-01T20:19:23.570-05:00  INFO 16640 --- [http-nio-8090-exec-1] o.a.c.c.C.[Tomcat].[localhost].[/]       : Initializing Spring DispatcherServlet 'dispatcherServlet'
2023-12-01T20:19:23.571-05:00  INFO 16640 --- [http-nio-8090-exec-1] o.s.web.servlet.DispatcherServlet        : Initializing Servlet 'dispatcherServlet'
2023-12-01T20:19:23.577-05:00  INFO 16640 --- [http-nio-8090-exec-1] o.s.web.servlet.DispatcherServlet        : Completed initialization in 6 ms
2023-12-01T20:19:25.082-05:00  INFO 16640 --- [http-nio-8090-exec-10] o.springdoc.api.AbstractOpenApiResource  : Init duration for springdoc-openapi is: 638 ms
2023-12-01T20:21:05.836-05:00  INFO 17980 --- [main] ying.andrews.fake.FakeApplicationTests   : Starting FakeApplicationTests using Java 21.0.1 with PID 17980 (started by gxp in C:\Dev\repos\fake)
2023-12-01T20:21:05.837-05:00 DEBUG 17980 --- [main] ying.andrews.fake.FakeApplicationTests   : Running with Spring Boot v3.2.0, Spring v6.1.1
2023-12-01T20:21:05.837-05:00  INFO 17980 --- [main] ying.andrews.fake.FakeApplicationTests   : No active profile set, falling back to 1 default profile: "default"
2023-12-01T20:21:08.833-05:00  INFO 17980 --- [main] ying.andrews.fake.FakeApplicationTests   : Started FakeApplicationTests in 3.369 seconds (process running for 4.639)
2023-12-01T20:21:15.476-05:00  INFO 9188 --- [main] ying.andrews.fake.FakeApplication        : Starting FakeApplication v0.0.1-SNAPSHOT using Java 21.0.1 with PID 9188 (C:\Dev\repos\fake\target\fake-0.0.1-SNAPSHOT.jar started by gxp in C:\Dev\repos\fake)
2023-12-01T20:21:15.479-05:00 DEBUG 9188 --- [main] ying.andrews.fake.FakeApplication        : Running with Spring Boot v3.2.0, Spring v6.1.1
2023-12-01T20:21:15.482-05:00  INFO 9188 --- [main] ying.andrews.fake.FakeApplication        : No active profile set, falling back to 1 default profile: "default"
2023-12-01T20:21:17.390-05:00  INFO 9188 --- [main] o.s.b.w.embedded.tomcat.TomcatWebServer  : Tomcat initialized with port 8090 (http)
2023-12-01T20:21:17.414-05:00  INFO 9188 --- [main] o.apache.catalina.core.StandardService   : Starting service [Tomcat]
2023-12-01T20:21:17.415-05:00  INFO 9188 --- [main] o.apache.catalina.core.StandardEngine    : Starting Servlet engine: [Apache Tomcat/10.1.16]
2023-12-01T20:21:17.484-05:00  INFO 9188 --- [main] o.a.c.c.C.[Tomcat].[localhost].[/]       : Initializing Spring embedded WebApplicationContext
2023-12-01T20:21:17.485-05:00  INFO 9188 --- [main] w.s.c.ServletWebServerApplicationContext : Root WebApplicationContext: initialization completed in 1901 ms
2023-12-01T20:21:18.712-05:00  INFO 9188 --- [main] o.s.b.w.embedded.tomcat.TomcatWebServer  : Tomcat started on port 8090 (http) with context path ''
2023-12-01T20:21:18.741-05:00  INFO 9188 --- [main] ying.andrews.fake.FakeApplication        : Started FakeApplication in 4.111 seconds (process running for 5.266)
2023-12-01T20:22:10.020-05:00  INFO 9188 --- [http-nio-8090-exec-1] o.a.c.c.C.[Tomcat].[localhost].[/]       : Initializing Spring DispatcherServlet 'dispatcherServlet'
2023-12-01T20:22:10.022-05:00  INFO 9188 --- [http-nio-8090-exec-1] o.s.web.servlet.DispatcherServlet        : Initializing Servlet 'dispatcherServlet'
2023-12-01T20:22:10.024-05:00  INFO 9188 --- [http-nio-8090-exec-1] o.s.web.servlet.DispatcherServlet        : Completed initialization in 1 ms
2023-12-01T21:17:14.674-05:00  INFO 15604 --- [main] ying.andrews.fake.FakeApplicationTests   : Starting FakeApplicationTests using Java 21.0.1 with PID 15604 (started by gxp in C:\Dev\repos\fake)
2023-12-01T21:17:14.675-05:00 DEBUG 15604 --- [main] ying.andrews.fake.FakeApplicationTests   : Running with Spring Boot v3.2.0, Spring v6.1.1
2023-12-01T21:17:14.678-05:00  INFO 15604 --- [main] ying.andrews.fake.FakeApplicationTests   : No active profile set, falling back to 1 default profile: "default"
2023-12-01T21:17:20.747-05:00  INFO 15604 --- [main] ying.andrews.fake.FakeApplicationTests   : Started FakeApplicationTests in 6.878 seconds (process running for 9.516)
2023-12-01T21:20:48.456-05:00  INFO 16136 --- [main] ying.andrews.fake.FakeApplication        : Starting FakeApplication v0.0.1-SNAPSHOT using Java 21.0.1 with PID 16136 (C:\Dev\repos\fake\target\fake-0.0.1-SNAPSHOT.jar started by gxp in C:\Dev\repos\fake)
2023-12-01T21:20:48.462-05:00 DEBUG 16136 --- [main] ying.andrews.fake.FakeApplication        : Running with Spring Boot v3.2.0, Spring v6.1.1
2023-12-01T21:20:48.465-05:00  INFO 16136 --- [main] ying.andrews.fake.FakeApplication        : No active profile set, falling back to 1 default profile: "default"
2023-12-01T21:20:51.505-05:00  INFO 16136 --- [main] o.s.b.w.embedded.tomcat.TomcatWebServer  : Tomcat initialized with port 8090 (http)
2023-12-01T21:20:51.534-05:00  INFO 16136 --- [main] o.apache.catalina.core.StandardService   : Starting service [Tomcat]
2023-12-01T21:20:51.536-05:00  INFO 16136 --- [main] o.apache.catalina.core.StandardEngine    : Starting Servlet engine: [Apache Tomcat/10.1.16]
2023-12-01T21:20:51.617-05:00  INFO 16136 --- [main] o.a.c.c.C.[Tomcat].[localhost].[/]       : Initializing Spring embedded WebApplicationContext
2023-12-01T21:20:51.619-05:00  INFO 16136 --- [main] w.s.c.ServletWebServerApplicationContext : Root WebApplicationContext: initialization completed in 2936 ms
2023-12-01T21:20:53.192-05:00  INFO 16136 --- [main] o.s.b.w.embedded.tomcat.TomcatWebServer  : Tomcat started on port 8090 (http) with context path ''
2023-12-01T21:20:53.231-05:00  INFO 16136 --- [main] ying.andrews.fake.FakeApplication        : Started FakeApplication in 6.266 seconds (process running for 8.275)
2023-12-01T21:20:58.377-05:00  INFO 16136 --- [http-nio-8090-exec-1] o.a.c.c.C.[Tomcat].[localhost].[/]       : Initializing Spring DispatcherServlet 'dispatcherServlet'
2023-12-01T21:20:58.378-05:00  INFO 16136 --- [http-nio-8090-exec-1] o.s.web.servlet.DispatcherServlet        : Initializing Servlet 'dispatcherServlet'
2023-12-01T21:20:58.381-05:00  INFO 16136 --- [http-nio-8090-exec-1] o.s.web.servlet.DispatcherServlet        : Completed initialization in 1 ms
2023-12-01T21:31:19.958-05:00  INFO 12408 --- [main] ying.andrews.fake.FakeApplicationTests   : Starting FakeApplicationTests using Java 21.0.1 with PID 12408 (started by gxp in C:\Dev\repos\fake)
2023-12-01T21:31:19.959-05:00 DEBUG 12408 --- [main] ying.andrews.fake.FakeApplicationTests   : Running with Spring Boot v3.2.0, Spring v6.1.1
2023-12-01T21:31:19.961-05:00  INFO 12408 --- [main] ying.andrews.fake.FakeApplicationTests   : No active profile set, falling back to 1 default profile: "default"
2023-12-01T21:31:26.377-05:00  INFO 12408 --- [main] ying.andrews.fake.FakeApplicationTests   : Started FakeApplicationTests in 7.265 seconds (process running for 9.6)
2023-12-01T21:31:37.560-05:00  INFO 10236 --- [main] ying.andrews.fake.FakeApplication        : Starting FakeApplication v0.0.1-SNAPSHOT using Java 21.0.1 with PID 10236 (C:\Dev\repos\fake\target\fake-0.0.1-SNAPSHOT.jar started by gxp in C:\Dev\repos\fake)
2023-12-01T21:31:37.578-05:00 DEBUG 10236 --- [main] ying.andrews.fake.FakeApplication        : Running with Spring Boot v3.2.0, Spring v6.1.1
2023-12-01T21:31:37.582-05:00  INFO 10236 --- [main] ying.andrews.fake.FakeApplication        : No active profile set, falling back to 1 default profile: "default"
2023-12-01T21:31:40.675-05:00  INFO 10236 --- [main] o.s.b.w.embedded.tomcat.TomcatWebServer  : Tomcat initialized with port 8090 (http)
2023-12-01T21:31:40.711-05:00  INFO 10236 --- [main] o.apache.catalina.core.StandardService   : Starting service [Tomcat]
2023-12-01T21:31:40.713-05:00  INFO 10236 --- [main] o.apache.catalina.core.StandardEngine    : Starting Servlet engine: [Apache Tomcat/10.1.16]
2023-12-01T21:31:40.823-05:00  INFO 10236 --- [main] o.a.c.c.C.[Tomcat].[localhost].[/]       : Initializing Spring embedded WebApplicationContext
2023-12-01T21:31:40.824-05:00  INFO 10236 --- [main] w.s.c.ServletWebServerApplicationContext : Root WebApplicationContext: initialization completed in 3033 ms
2023-12-01T21:31:42.655-05:00  INFO 10236 --- [main] o.s.b.w.embedded.tomcat.TomcatWebServer  : Tomcat started on port 8090 (http) with context path ''
2023-12-01T21:31:42.682-05:00  INFO 10236 --- [main] ying.andrews.fake.FakeApplication        : Started FakeApplication in 6.533 seconds (process running for 8.49)
2023-12-01T21:31:55.584-05:00  INFO 10236 --- [http-nio-8090-exec-1] o.a.c.c.C.[Tomcat].[localhost].[/]       : Initializing Spring DispatcherServlet 'dispatcherServlet'
2023-12-01T21:31:55.585-05:00  INFO 10236 --- [http-nio-8090-exec-1] o.s.web.servlet.DispatcherServlet        : Initializing Servlet 'dispatcherServlet'
2023-12-01T21:31:55.588-05:00  INFO 10236 --- [http-nio-8090-exec-1] o.s.web.servlet.DispatcherServlet        : Completed initialization in 1 ms
